INFO 2025-12-21 20:20:40,544 task_queue 566375 127835450984128 Task queue worker thread started.
DEBUG 2025-12-21 20:22:37,508 task_queue 566375 127835333445312 Enqueuing task: process_messenger_message with args: ({'sender': {'id': '26478303961757577'}, 'recipient': {'id': '953289451191723'}, 'timestamp': 1766348556340, 'message': {'mid': 'm_wy74U3Fw_BpcJygzCYw5Dt22UvPdb0vuzOqHG9Qxsga7vsJ0wav9h75Mz_NOa72GJ6BJxkAY6Zc08_7kmWh91Q', 'text': 'heyy'}},), kwargs: {}
INFO 2025-12-21 20:22:37,509 task_queue 566375 127835196880576 Executing enqueued task: process_messenger_message with args: ({'sender': {'id': '26478303961757577'}, 'recipient': {'id': '953289451191723'}, 'timestamp': 1766348556340, 'message': {'mid': 'm_wy74U3Fw_BpcJygzCYw5Dt22UvPdb0vuzOqHG9Qxsga7vsJ0wav9h75Mz_NOa72GJ6BJxkAY6Zc08_7kmWh91Q', 'text': 'heyy'}},), kwargs: {}
INFO 2025-12-21 20:22:57,129 task_queue 566375 127835196880576 Successfully executed enqueued task: process_messenger_message
INFO 2025-12-21 20:23:17,610 task_queue 566375 127835196880576 Successfully executed enqueued task: process_messenger_message
DEBUG 2025-12-21 20:26:53,699 task_queue 566375 127835450984128 Enqueuing task: process_messenger_message with args: ({'sender': {'id': '26478303961757577'}, 'recipient': {'id': '953289451191723'}, 'timestamp': 1766348812565, 'message': {'mid': 'm_RIK6g8w2TPmBMeeKGrjB3922UvPdb0vuzOqHG9QxsgaS8WN_fcrOrRkiLJNFnbK7kULKTBihVZ64FGfGrqjfnA', 'text': 'hey'}},), kwargs: {}
INFO 2025-12-21 20:26:53,700 task_queue 566375 127835196880576 Executing enqueued task: process_messenger_message with args: ({'sender': {'id': '26478303961757577'}, 'recipient': {'id': '953289451191723'}, 'timestamp': 1766348812565, 'message': {'mid': 'm_RIK6g8w2TPmBMeeKGrjB3922UvPdb0vuzOqHG9QxsgaS8WN_fcrOrRkiLJNFnbK7kULKTBihVZ64FGfGrqjfnA', 'text': 'hey'}},), kwargs: {}
INFO 2025-12-21 20:26:56,148 task_queue 566375 127835196880576 Successfully executed enqueued task: process_messenger_message
DEBUG 2025-12-21 20:27:05,217 task_queue 566375 127835450984128 Enqueuing task: process_messenger_message with args: ({'sender': {'id': '26478303961757577'}, 'recipient': {'id': '953289451191723'}, 'timestamp': 1766348824213, 'message': {'mid': 'm_LbJxPWhhvGraiAe3VLJmnN22UvPdb0vuzOqHG9Qxsgb4KCqQ2DPCzaR6hrVtIgcZU-ovSyozGsaub0A4KwA-Xg', 'text': 'my name is joyboy'}},), kwargs: {}
INFO 2025-12-21 20:27:25,359 task_queue 566375 127835196880576 Successfully executed enqueued task: process_messenger_message
INFO 2025-12-21 20:27:25,359 task_queue 566375 127835196880576 Executing enqueued task: process_messenger_message with args: ({'sender': {'id': '26478303961757577'}, 'recipient': {'id': '953289451191723'}, 'timestamp': 1766348824213, 'message': {'mid': 'm_LbJxPWhhvGraiAe3VLJmnN22UvPdb0vuzOqHG9Qxsgb4KCqQ2DPCzaR6hrVtIgcZU-ovSyozGsaub0A4KwA-Xg', 'text': 'my name is joyboy'}},), kwargs: {}
DEBUG 2025-12-21 20:27:28,462 task_queue 566375 127835333445312 Enqueuing task: process_messenger_message with args: ({'sender': {'id': '953289451191723'}, 'recipient': {'id': '26478303961757577'}, 'timestamp': 1766348847640, 'message': {'mid': 'm_-KwZ9A4rgfmxK7cVkoHDqN22UvPdb0vuzOqHG9QxsgYJsidbFYaYy-NNxNvmD-3IUdGsKEvnmeoqnztcRBSx-w', 'is_echo': True, 'text': "Nice to meet you, joyboy! Ready to test your legal skills with a free AI-powered assessment exam? Just type 'yes' or 'start' to begin!", 'app_id': 1901942097390951}},), kwargs: {}
INFO 2025-12-21 20:27:28,819 task_queue 566375 127835196880576 Successfully executed enqueued task: process_messenger_message
INFO 2025-12-21 20:27:28,820 task_queue 566375 127835196880576 Executing enqueued task: process_messenger_message with args: ({'sender': {'id': '953289451191723'}, 'recipient': {'id': '26478303961757577'}, 'timestamp': 1766348847640, 'message': {'mid': 'm_-KwZ9A4rgfmxK7cVkoHDqN22UvPdb0vuzOqHG9QxsgYJsidbFYaYy-NNxNvmD-3IUdGsKEvnmeoqnztcRBSx-w', 'is_echo': True, 'text': "Nice to meet you, joyboy! Ready to test your legal skills with a free AI-powered assessment exam? Just type 'yes' or 'start' to begin!", 'app_id': 1901942097390951}},), kwargs: {}
DEBUG 2025-12-21 20:27:38,536 task_queue 566375 127835450984128 Enqueuing task: process_messenger_message with args: ({'sender': {'id': '26478303961757577'}, 'recipient': {'id': '953289451191723'}, 'timestamp': 1766348857490, 'message': {'mid': 'm_hdlON919DVniWOTBD7MOwd22UvPdb0vuzOqHG9QxsgZtg7nBcH12gma9aYtDNB7eIYkY1OpfxAC-gTsB5Xs0PQ', 'text': 'yes'}},), kwargs: {}
INFO 2025-12-21 20:28:04,068 task_queue 566375 127835196880576 Successfully executed enqueued task: process_messenger_message
INFO 2025-12-21 20:28:04,068 task_queue 566375 127835196880576 Executing enqueued task: process_messenger_message with args: ({'sender': {'id': '26478303961757577'}, 'recipient': {'id': '953289451191723'}, 'timestamp': 1766348857490, 'message': {'mid': 'm_hdlON919DVniWOTBD7MOwd22UvPdb0vuzOqHG9QxsgZtg7nBcH12gma9aYtDNB7eIYkY1OpfxAC-gTsB5Xs0PQ', 'text': 'yes'}},), kwargs: {}
DEBUG 2025-12-21 20:28:05,973 task_queue 566375 127835333445312 Enqueuing task: process_messenger_message with args: ({'sender': {'id': '953289451191723'}, 'recipient': {'id': '26478303961757577'}, 'timestamp': 1766348885134, 'message': {'mid': 'm_9f0njMAQQpYTpJWXrA3AG922UvPdb0vuzOqHG9QxsgakN_8pgYBNg7xSE2AmxuMa6CuWgv-4BvPW02ZgFdkjdA', 'is_echo': True, 'text': "Great! Let's get you started with the Mock Bar Exam.", 'app_id': 1901942097390951}},), kwargs: {}
INFO 2025-12-21 20:28:06,624 task_queue 566375 127835196880576 Successfully executed enqueued task: process_messenger_message
INFO 2025-12-21 20:28:06,626 task_queue 566375 127835196880576 Executing enqueued task: process_messenger_message with args: ({'sender': {'id': '953289451191723'}, 'recipient': {'id': '26478303961757577'}, 'timestamp': 1766348885134, 'message': {'mid': 'm_9f0njMAQQpYTpJWXrA3AG922UvPdb0vuzOqHG9QxsgakN_8pgYBNg7xSE2AmxuMa6CuWgv-4BvPW02ZgFdkjdA', 'is_echo': True, 'text': "Great! Let's get you started with the Mock Bar Exam.", 'app_id': 1901942097390951}},), kwargs: {}
INFO 2025-12-21 20:28:35,860 task_queue 566375 127835196880576 Successfully executed enqueued task: process_messenger_message
